<?xml version="1.0" encoding="UTF-8"?>
<Site BuildName="(empty)"
	BuildStamp="20240607-0904-Experimental"
	Name="yang-HP-Z1-Entry-Tower-G6"
	Generator="ctest-3.16.3"
	CompilerName="/usr/bin/g++"
	CompilerVersion="9.4.0"
	OSName="Linux"
	Hostname="yang-HP-Z1-Entry-Tower-G6"
	OSRelease="5.15.0-88-generic"
	OSVersion="#98~20.04.1-Ubuntu SMP Mon Oct 9 16:43:45 UTC 2023"
	OSPlatform="x86_64"
	Is64Bits="1"
	VendorString="GenuineIntel"
	VendorID="Intel Corporation"
	FamilyID="6"
	ModelID="165"
	ProcessorCacheSize="16384"
	NumberOfLogicalCPU="16"
	NumberOfPhysicalCPU="8"
	TotalVirtualMemory="2047"
	TotalPhysicalMemory="64076"
	LogicalProcessorsPerPhysical="2"
	ProcessorClockFrequency="2900"
	>
	<Testing>
		<StartDateTime>Jun 07 17:04 CST</StartDateTime>
		<StartTestTime>1717751068</StartTestTime>
		<TestList/>
		<EndDateTime>Jun 07 17:04 CST</EndDateTime>
		<EndTestTime>1717751068</EndTestTime>
		<ElapsedMinutes>0</ElapsedMinutes>
	</Testing>
</Site>
